<?xml version="1.0" encoding="UTF-8"?>
<!-- Generated by org.testng.reporters.JUnitReportReporter -->
<testsuite hostname="sy-mb-air.local" failures="0" tests="5" name="Bank.AppTest" time="0.069" errors="0" timestamp="2022-06-08T15:04:52 SGT" skipped="0">
  <testcase classname="Bank.AppTest" name="testInvalidFdaChangeDuration" time="0.016"/>
  <system-out/>
  <testcase classname="Bank.AppTest" name="testBankAcc" time="0.015"/>
  <system-out/>
  <testcase classname="Bank.AppTest" name="testValidFdaChangeDuration" time="0.016"/>
  <system-out/>
  <testcase classname="Bank.AppTest" name="testInvalidFdaChangeInterest" time="0.016"/>
  <system-out/>
  <testcase classname="Bank.AppTest" name="testValidFdaChangeInterest" time="0.006"/>
  <system-out/>
</testsuite> <!-- Bank.AppTest -->
